app/build/outputs/logs/manifest-merger-release-report.txt
-- Merging decision tree log ---
provider#com.hajaulee.jsubanime.GenericFileProvider
INJECTED from src\main\AndroidManifest.xml:51:9-59:20
	android:grantUriPermissions
		ADDED from src\main\AndroidManifest.xml:55:13-47
	android:authorities
		INJECTED from src\main\AndroidManifest.xml
		ADDED from src\main\AndroidManifest.xml:53:13-76
	android:exported
		ADDED from src\main\AndroidManifest.xml:54:13-37
	android:name
		ADDED from src\main\AndroidManifest.xml:52:13-48
manifest
ADDED from src\main\AndroidManifest.xml:2:1-62:12
INJECTED from src\main\AndroidManifest.xml:2:1-62:12
INJECTED from src\main\AndroidManifest.xml:2:1-62:12
INJECTED from src\main\AndroidManifest.xml:2:1-62:12
MERGED from [com.android.support:leanback-v17:26.1.0] AndroidManifest.xml:17:1-28:12
MERGED from [com.android.support:appcompat-v7:26.1.0] AndroidManifest.xml:17:1-31:12
MERGED from [com.android.support:support-v4:26.1.0] AndroidManifest.xml:17:1-31:12
MERGED from [com.android.support:support-fragment:26.1.0] AndroidManifest.xml:17:1-31:12
MERGED from [com.android.support:recyclerview-v7:26.1.0] AndroidManifest.xml:17:1-28:12
MERGED from [com.android.support:animated-vector-drawable:26.1.0] AndroidManifest.xml:17:1-28:12
MERGED from [com.android.support:support-core-ui:26.1.0] AndroidManifest.xml:17:1-31:12
MERGED from [com.android.support:support-media-compat:26.1.0] AndroidManifest.xml:17:1-31:12
MERGED from [com.android.support:support-vector-drawable:26.1.0] AndroidManifest.xml:17:1-28:12
MERGED from [com.android.support:support-core-utils:26.1.0] AndroidManifest.xml:17:1-31:12
MERGED from [com.android.support:support-compat:26.1.0] AndroidManifest.xml:17:1-31:12
MERGED from [android.arch.lifecycle:runtime:1.0.0] AndroidManifest.xml:17:1-30:12
INJECTED from src\main\AndroidManifest.xml:2:1-62:12
INJECTED from src\main\AndroidManifest.xml:2:1-62:12
INJECTED from src\main\AndroidManifest.xml:2:1-62:12
	package
		ADDED from src\main\AndroidManifest.xml:3:5-37
		INJECTED from src\main\AndroidManifest.xml
		INJECTED from src\main\AndroidManifest.xml
	android:versionName
		INJECTED from src\main\AndroidManifest.xml
		ADDED from src\main\AndroidManifest.xml:2:1-62:12
		INJECTED from src\main\AndroidManifest.xml
	android:versionCode
		INJECTED from src\main\AndroidManifest.xml
		ADDED from src\main\AndroidManifest.xml:2:1-62:12
		INJECTED from src\main\AndroidManifest.xml
	xmlns:android
		ADDED from src\main\AndroidManifest.xml:2:11-69
uses-permission#android.permission.INTERNET
ADDED from src\main\AndroidManifest.xml:5:5-67
	android:name
		ADDED from src\main\AndroidManifest.xml:5:22-64
uses-permission#android.permission.RECORD_AUDIO
ADDED from src\main\AndroidManifest.xml:6:5-71
	android:name
		ADDED from src\main\AndroidManifest.xml:6:22-68
uses-permission#android.permission.WRITE_EXTERNAL_STORAGE
ADDED from src\main\AndroidManifest.xml:7:5-80
	android:name
		ADDED from src\main\AndroidManifest.xml:7:22-78
uses-feature#android.hardware.touchscreen
ADDED from src\main\AndroidManifest.xml:9:5-11:36
	android:required
		ADDED from src\main\AndroidManifest.xml:11:9-33
	android:name
		ADDED from src\main\AndroidManifest.xml:10:9-52
uses-feature#android.software.leanback
ADDED from src\main\AndroidManifest.xml:12:5-14:36
	android:required
		ADDED from src\main\AndroidManifest.xml:14:9-33
	android:name
		ADDED from src\main\AndroidManifest.xml:13:9-49
application
ADDED from src\main\AndroidManifest.xml:16:5-60:19
MERGED from [com.android.support:leanback-v17:26.1.0] AndroidManifest.xml:22:5-26:19
MERGED from [com.android.support:leanback-v17:26.1.0] AndroidManifest.xml:22:5-26:19
MERGED from [com.android.support:appcompat-v7:26.1.0] AndroidManifest.xml:25:5-29:19
MERGED from [com.android.support:appcompat-v7:26.1.0] AndroidManifest.xml:25:5-29:19
MERGED from [com.android.support:support-v4:26.1.0] AndroidManifest.xml:25:5-29:19
MERGED from [com.android.support:support-v4:26.1.0] AndroidManifest.xml:25:5-29:19
MERGED from [com.android.support:support-fragment:26.1.0] AndroidManifest.xml:25:5-29:19
MERGED from [com.android.support:support-fragment:26.1.0] AndroidManifest.xml:25:5-29:19
MERGED from [com.android.support:recyclerview-v7:26.1.0] AndroidManifest.xml:22:5-26:19
MERGED from [com.android.support:recyclerview-v7:26.1.0] AndroidManifest.xml:22:5-26:19
MERGED from [com.android.support:animated-vector-drawable:26.1.0] AndroidManifest.xml:22:5-26:19
MERGED from [com.android.support:animated-vector-drawable:26.1.0] AndroidManifest.xml:22:5-26:19
MERGED from [com.android.support:support-core-ui:26.1.0] AndroidManifest.xml:25:5-29:19
MERGED from [com.android.support:support-core-ui:26.1.0] AndroidManifest.xml:25:5-29:19
MERGED from [com.android.support:support-media-compat:26.1.0] AndroidManifest.xml:25:5-29:19
MERGED from [com.android.support:support-media-compat:26.1.0] AndroidManifest.xml:25:5-29:19
MERGED from [com.android.support:support-vector-drawable:26.1.0] AndroidManifest.xml:22:5-26:19
MERGED from [com.android.support:support-vector-drawable:26.1.0] AndroidManifest.xml:22:5-26:19
MERGED from [com.android.support:support-core-utils:26.1.0] AndroidManifest.xml:25:5-29:19
MERGED from [com.android.support:support-core-utils:26.1.0] AndroidManifest.xml:25:5-29:19
MERGED from [com.android.support:support-compat:26.1.0] AndroidManifest.xml:25:5-29:19
MERGED from [com.android.support:support-compat:26.1.0] AndroidManifest.xml:25:5-29:19
MERGED from [android.arch.lifecycle:runtime:1.0.0] AndroidManifest.xml:24:5-28:19
MERGED from [android.arch.lifecycle:runtime:1.0.0] AndroidManifest.xml:24:5-28:19
	android:supportsRtl
		ADDED from src\main\AndroidManifest.xml:20:9-35
	android:label
		ADDED from src\main\AndroidManifest.xml:19:9-41
	android:icon
		ADDED from src\main\AndroidManifest.xml:18:9-40
	android:allowBackup
		ADDED from src\main\AndroidManifest.xml:17:9-35
	android:theme
		ADDED from src\main\AndroidManifest.xml:21:9-46
activity#com.hajaulee.jsubanime.MainActivity
ADDED from src\main\AndroidManifest.xml:22:9-34:20
	android:screenOrientation
		ADDED from src\main\AndroidManifest.xml:28:13-50
	android:label
		ADDED from src\main\AndroidManifest.xml:26:13-45
	android:icon
		ADDED from src\main\AndroidManifest.xml:25:13-44
	android:banner
		ADDED from src\main\AndroidManifest.xml:24:13-51
	android:logo
		ADDED from src\main\AndroidManifest.xml:27:13-49
	android:name
		ADDED from src\main\AndroidManifest.xml:23:13-41
intent-filter#android.intent.action.MAIN+android.intent.category.LAUNCHER+android.intent.category.LEANBACK_LAUNCHER
ADDED from src\main\AndroidManifest.xml:29:13-33:29
action#android.intent.action.MAIN
ADDED from src\main\AndroidManifest.xml:30:17-69
	android:name
		ADDED from src\main\AndroidManifest.xml:30:25-66
category#android.intent.category.LAUNCHER
ADDED from src\main\AndroidManifest.xml:31:17-77
	android:name
		ADDED from src\main\AndroidManifest.xml:31:27-74
category#android.intent.category.LEANBACK_LAUNCHER
ADDED from src\main\AndroidManifest.xml:32:17-86
	android:name
		ADDED from src\main\AndroidManifest.xml:32:27-83
activity#com.hajaulee.jsubanime.DetailsActivity
ADDED from src\main\AndroidManifest.xml:35:9-90
	android:screenOrientation
		ADDED from src\main\AndroidManifest.xml:35:51-88
	android:name
		ADDED from src\main\AndroidManifest.xml:35:19-50
activity#com.hajaulee.jsubanime.PlaybackActivity
ADDED from src\main\AndroidManifest.xml:36:9-39:15
	android:screenOrientation
		ADDED from src\main\AndroidManifest.xml:38:13-50
	android:name
		ADDED from src\main\AndroidManifest.xml:37:13-45
activity#com.hajaulee.jsubanime.BrowseErrorActivity
ADDED from src\main\AndroidManifest.xml:40:9-94
	android:screenOrientation
		ADDED from src\main\AndroidManifest.xml:40:55-92
	android:name
		ADDED from src\main\AndroidManifest.xml:40:19-54
activity#com.hajaulee.jsubanime.VideoEnabledWebPlayer
ADDED from src\main\AndroidManifest.xml:41:9-46:20
	android:screenOrientation
		ADDED from src\main\AndroidManifest.xml:44:13-50
	android:label
		ADDED from src\main\AndroidManifest.xml:43:13-45
	android:configChanges
		ADDED from src\main\AndroidManifest.xml:45:13-74
	android:name
		ADDED from src\main\AndroidManifest.xml:42:13-50
activity#com.hajaulee.jsubanime.SearchActivity
ADDED from src\main\AndroidManifest.xml:47:9-50:15
	android:screenOrientation
		ADDED from src\main\AndroidManifest.xml:49:13-50
	android:label
		ADDED from src\main\AndroidManifest.xml:48:13-45
	android:name
		ADDED from src\main\AndroidManifest.xml:47:19-49
uses-sdk
INJECTED from src\main\AndroidManifest.xml reason: use-sdk injection requested
INJECTED from src\main\AndroidManifest.xml
INJECTED from src\main\AndroidManifest.xml
MERGED from [com.android.support:leanback-v17:26.1.0] AndroidManifest.xml:20:5-44
MERGED from [com.android.support:leanback-v17:26.1.0] AndroidManifest.xml:20:5-44
MERGED from [com.android.support:appcompat-v7:26.1.0] AndroidManifest.xml:21:5-23:78
MERGED from [com.android.support:appcompat-v7:26.1.0] AndroidManifest.xml:21:5-23:78
MERGED from [com.android.support:support-v4:26.1.0] AndroidManifest.xml:21:5-23:54
MERGED from [com.android.support:support-v4:26.1.0] AndroidManifest.xml:21:5-23:54
MERGED from [com.android.support:support-fragment:26.1.0] AndroidManifest.xml:21:5-23:60
MERGED from [com.android.support:support-fragment:26.1.0] AndroidManifest.xml:21:5-23:60
MERGED from [com.android.support:recyclerview-v7:26.1.0] AndroidManifest.xml:20:5-44
MERGED from [com.android.support:recyclerview-v7:26.1.0] AndroidManifest.xml:20:5-44
MERGED from [com.android.support:animated-vector-drawable:26.1.0] AndroidManifest.xml:20:5-44
MERGED from [com.android.support:animated-vector-drawable:26.1.0] AndroidManifest.xml:20:5-44
MERGED from [com.android.support:support-core-ui:26.1.0] AndroidManifest.xml:21:5-23:58
MERGED from [com.android.support:support-core-ui:26.1.0] AndroidManifest.xml:21:5-23:58
MERGED from [com.android.support:support-media-compat:26.1.0] AndroidManifest.xml:21:5-23:63
MERGED from [com.android.support:support-media-compat:26.1.0] AndroidManifest.xml:21:5-23:63
MERGED from [com.android.support:support-vector-drawable:26.1.0] AndroidManifest.xml:20:5-44
MERGED from [com.android.support:support-vector-drawable:26.1.0] AndroidManifest.xml:20:5-44
MERGED from [com.android.support:support-core-utils:26.1.0] AndroidManifest.xml:21:5-23:61
MERGED from [com.android.support:support-core-utils:26.1.0] AndroidManifest.xml:21:5-23:61
MERGED from [com.android.support:support-compat:26.1.0] AndroidManifest.xml:21:5-23:58
MERGED from [com.android.support:support-compat:26.1.0] AndroidManifest.xml:21:5-23:58
MERGED from [android.arch.lifecycle:runtime:1.0.0] AndroidManifest.xml:20:5-22:41
MERGED from [android.arch.lifecycle:runtime:1.0.0] AndroidManifest.xml:20:5-22:41
INJECTED from src\main\AndroidManifest.xml
INJECTED from src\main\AndroidManifest.xml
	tools:overrideLibrary
		ADDED from [com.android.support:appcompat-v7:26.1.0] AndroidManifest.xml:23:9-75
	android:targetSdkVersion
		INJECTED from src\main\AndroidManifest.xml
		ADDED from src\main\AndroidManifest.xml
		INJECTED from src\main\AndroidManifest.xml
	android:minSdkVersion
		INJECTED from src\main\AndroidManifest.xml
		ADDED from src\main\AndroidManifest.xml
		INJECTED from src\main\AndroidManifest.xml
meta-data#android.support.FILE_PROVIDER_PATHS
ADDED from src\main\AndroidManifest.xml:56:13-58:57
	android:resource
		ADDED from src\main\AndroidManifest.xml:58:17-55
	android:name
		ADDED from src\main\AndroidManifest.xml:57:17-67
meta-data#android.support.VERSION
ADDED from [com.android.support:leanback-v17:26.1.0] AndroidManifest.xml:23:9-25:38
MERGED from [com.android.support:appcompat-v7:26.1.0] AndroidManifest.xml:26:9-28:38
MERGED from [com.android.support:appcompat-v7:26.1.0] AndroidManifest.xml:26:9-28:38
MERGED from [com.android.support:support-v4:26.1.0] AndroidManifest.xml:26:9-28:38
MERGED from [com.android.support:support-v4:26.1.0] AndroidManifest.xml:26:9-28:38
MERGED from [com.android.support:support-fragment:26.1.0] AndroidManifest.xml:26:9-28:38
MERGED from [com.android.support:support-fragment:26.1.0] AndroidManifest.xml:26:9-28:38
MERGED from [com.android.support:recyclerview-v7:26.1.0] AndroidManifest.xml:23:9-25:38
MERGED from [com.android.support:recyclerview-v7:26.1.0] AndroidManifest.xml:23:9-25:38
MERGED from [com.android.support:animated-vector-drawable:26.1.0] AndroidManifest.xml:23:9-25:38
MERGED from [com.android.support:animated-vector-drawable:26.1.0] AndroidManifest.xml:23:9-25:38
MERGED from [com.android.support:support-core-ui:26.1.0] AndroidManifest.xml:26:9-28:38
MERGED from [com.android.support:support-core-ui:26.1.0] AndroidManifest.xml:26:9-28:38
MERGED from [com.android.support:support-media-compat:26.1.0] AndroidManifest.xml:26:9-28:38
MERGED from [com.android.support:support-media-compat:26.1.0] AndroidManifest.xml:26:9-28:38
MERGED from [com.android.support:support-vector-drawable:26.1.0] AndroidManifest.xml:23:9-25:38
MERGED from [com.android.support:support-vector-drawable:26.1.0] AndroidManifest.xml:23:9-25:38
MERGED from [com.android.support:support-core-utils:26.1.0] AndroidManifest.xml:26:9-28:38
MERGED from [com.android.support:support-core-utils:26.1.0] AndroidManifest.xml:26:9-28:38
MERGED from [com.android.support:support-compat:26.1.0] AndroidManifest.xml:26:9-28:38
MERGED from [com.android.support:support-compat:26.1.0] AndroidManifest.xml:26:9-28:38
	android:value
		ADDED from [com.android.support:leanback-v17:26.1.0] AndroidManifest.xml:25:13-35
	android:name
		ADDED from [com.android.support:leanback-v17:26.1.0] AndroidManifest.xml:24:13-51
meta-data#android.arch.lifecycle.VERSION
ADDED from [android.arch.lifecycle:runtime:1.0.0] AndroidManifest.xml:25:9-27:47
	android:value
		ADDED from [android.arch.lifecycle:runtime:1.0.0] AndroidManifest.xml:27:13-44
	android:name
		ADDED from [android.arch.lifecycle:runtime:1.0.0] AndroidManifest.xml:26:13-58